<?xml version="1.0" encoding="UTF-8"?>
<!-- Generated by org.testng.reporters.JUnitReportReporter -->
<testsuite hostname="codc1-l-4315ks7" failures="0" tests="3" name="MavenTestNgPackage.FacebookPgm" time="22.470" errors="0" timestamp="2025-12-06T15:54:04 IST" skipped="0">
  <testcase classname="MavenTestNgPackage.FacebookPgm" name="ts3" time="9.046"/>
  <testcase classname="MavenTestNgPackage.FacebookPgm" name="ts2" time="7.030"/>
  <testcase classname="MavenTestNgPackage.FacebookPgm" name="ts1" time="6.394"/>
</testsuite> <!-- MavenTestNgPackage.FacebookPgm -->
