<?xml version="1.0" encoding="UTF-8"?>
<!-- Generated by org.testng.reporters.JUnitReportReporter -->
<testsuite hostname="codc1-l-4315ks7" failures="0" tests="3" name="MavenTestNgPackage.TestUser" time="23.855" errors="0" timestamp="2025-12-06T16:44:47 IST" skipped="0">
  <testcase classname="MavenTestNgPackage.TestUser" name="ts3" time="7.440"/>
  <testcase classname="MavenTestNgPackage.TestUser" name="ts2" time="9.474"/>
  <testcase classname="MavenTestNgPackage.TestUser" name="ts1" time="6.941"/>
</testsuite> <!-- MavenTestNgPackage.TestUser -->
