<?xml version="1.0" encoding="UTF-8"?>
<!-- Generated by org.testng.reporters.JUnitReportReporter -->
<testsuite hostname="codc1-l-4315ks7" failures="0" tests="3" name="MavenPackage.FacebookPgm" time="20.609" errors="0" timestamp="2025-12-06T15:38:36 IST" skipped="0">
  <testcase classname="MavenPackage.FacebookPgm" name="ts3" time="6.673"/>
  <testcase classname="MavenPackage.FacebookPgm" name="ts2" time="7.307"/>
  <testcase classname="MavenPackage.FacebookPgm" name="ts1" time="6.629"/>
</testsuite> <!-- MavenPackage.FacebookPgm -->
