<?xml version="1.0" encoding="UTF-8"?>
<!-- Generated by org.testng.reporters.JUnitXMLReporter -->
<testsuite ignored="0" hostname="codc1-l-4315ks7" failures="0" tests="3" name="Surefire test" time="24.385" errors="0" timestamp="2025-12-06T16:40:41 IST">
  <testcase classname="MavenTestNgPackage.TestUser" name="ts3" time="0.313"/>
  <testcase classname="MavenTestNgPackage.TestUser" name="ts2" time="0.056"/>
  <testcase classname="MavenTestNgPackage.TestUser" name="ts1" time="0.08"/>
</testsuite> <!-- Surefire test -->
