<?xml version="1.0" encoding="UTF-8"?>
<!-- Generated by org.testng.reporters.JUnitXMLReporter -->
<testsuite ignored="0" hostname="codc1-l-4315ks7" failures="0" tests="3" name="Default test" time="23.918" errors="0" timestamp="2025-12-06T16:44:47 IST">
  <testcase classname="MavenTestNgPackage.TestUser" name="ts3" time="0.303"/>
  <testcase classname="MavenTestNgPackage.TestUser" name="ts2" time="0.045"/>
  <testcase classname="MavenTestNgPackage.TestUser" name="ts1" time="0.074"/>
</testsuite> <!-- Default test -->
