<?xml version="1.0" encoding="UTF-8"?>
<!-- Generated by org.testng.reporters.JUnitReportReporter -->
<testsuite hostname="codc1-l-4315ks7" failures="0" tests="3" name="MavenTestNgPackage.TestUser" time="24.333" errors="0" timestamp="2025-12-06T16:40:41 IST" skipped="0">
  <testcase classname="MavenTestNgPackage.TestUser" name="ts3" time="8.528"/>
  <testcase classname="MavenTestNgPackage.TestUser" name="ts2" time="6.487"/>
  <testcase classname="MavenTestNgPackage.TestUser" name="ts1" time="9.318"/>
</testsuite> <!-- MavenTestNgPackage.TestUser -->
